<?xml version="1.0" encoding="UTF-8"?>
<testsuite xmlns:xsi="http://www.w3.org/2001/XMLSchema-instance" xsi:noNamespaceSchemaLocation="https://maven.apache.org/surefire/maven-surefire-plugin/xsd/surefire-test-report-3.0.xsd" version="3.0" name="com.datazuul.commons.iiif.presentation.StrictManifestParserTest" time="0.328" tests="2" errors="0" skipped="0" failures="0">
  <properties>
    <property name="java.specification.version" value="17"/>
    <property name="sun.jnu.encoding" value="UTF-8"/>
    <property name="java.class.path" value="/home/ralf/DEV/github.com/datazuul/com.datazuul.commons--parent/datazuul-commons-iiif/target/test-classes:/home/ralf/DEV/github.com/datazuul/com.datazuul.commons--parent/datazuul-commons-iiif/target/classes:/home/ralf/.m2/repository/com/googlecode/json-simple/json-simple/1.1.1/json-simple-1.1.1.jar:/home/ralf/.m2/repository/junit/junit/4.10/junit-4.10.jar:/home/ralf/.m2/repository/org/hamcrest/hamcrest-core/1.1/hamcrest-core-1.1.jar:/home/ralf/.m2/repository/de/digitalcollections/iiif/iiif-apis/0.3.11-SNAPSHOT/iiif-apis-0.3.11-SNAPSHOT.jar:/home/ralf/.m2/repository/com/fasterxml/jackson/core/jackson-annotations/2.14.2/jackson-annotations-2.14.2.jar:/home/ralf/.m2/repository/com/fasterxml/jackson/core/jackson-databind/2.14.2/jackson-databind-2.14.2.jar:/home/ralf/.m2/repository/com/fasterxml/jackson/core/jackson-core/2.14.2/jackson-core-2.14.2.jar:/home/ralf/.m2/repository/com/fasterxml/jackson/datatype/jackson-datatype-jsr310/2.14.2/jackson-datatype-jsr310-2.14.2.jar:/home/ralf/.m2/repository/com/fasterxml/jackson/module/jackson-module-parameter-names/2.14.2/jackson-module-parameter-names-2.14.2.jar:/home/ralf/.m2/repository/com/google/guava/guava/31.1-jre/guava-31.1-jre.jar:/home/ralf/.m2/repository/com/google/guava/failureaccess/1.0.1/failureaccess-1.0.1.jar:/home/ralf/.m2/repository/com/google/guava/listenablefuture/9999.0-empty-to-avoid-conflict-with-guava/listenablefuture-9999.0-empty-to-avoid-conflict-with-guava.jar:/home/ralf/.m2/repository/com/google/code/findbugs/jsr305/3.0.2/jsr305-3.0.2.jar:/home/ralf/.m2/repository/org/checkerframework/checker-qual/3.12.0/checker-qual-3.12.0.jar:/home/ralf/.m2/repository/com/google/errorprone/error_prone_annotations/2.11.0/error_prone_annotations-2.11.0.jar:/home/ralf/.m2/repository/com/google/j2objc/j2objc-annotations/1.3/j2objc-annotations-1.3.jar:/home/ralf/.m2/repository/de/grundid/opendatalab/geojson-jackson/1.14/geojson-jackson-1.14.jar:/home/ralf/.m2/repository/org/dmfs/rfc3986-uri/0.8.1/rfc3986-uri-0.8.1.jar:/home/ralf/.m2/repository/org/dmfs/jems/1.18/jems-1.18.jar:/home/ralf/.m2/repository/org/reflections/reflections/0.9.12/reflections-0.9.12.jar:/home/ralf/.m2/repository/org/javassist/javassist/3.26.0-GA/javassist-3.26.0-GA.jar:/home/ralf/.m2/repository/de/digitalcollections/model/dc-model/12.2.2-SNAPSHOT/dc-model-12.2.2-SNAPSHOT.jar:/home/ralf/.m2/repository/commons-io/commons-io/2.13.0/commons-io-2.13.0.jar:/home/ralf/.m2/repository/javax/validation/validation-api/2.0.1.Final/validation-api-2.0.1.Final.jar:/home/ralf/.m2/repository/org/projectlombok/lombok/1.18.30/lombok-1.18.30.jar:/home/ralf/.m2/repository/org/springframework/security/spring-security-core/5.8.3/spring-security-core-5.8.3.jar:/home/ralf/.m2/repository/org/springframework/security/spring-security-crypto/5.8.3/spring-security-crypto-5.8.3.jar:/home/ralf/.m2/repository/org/springframework/spring-aop/5.3.27/spring-aop-5.3.27.jar:/home/ralf/.m2/repository/org/springframework/spring-beans/5.3.27/spring-beans-5.3.27.jar:/home/ralf/.m2/repository/org/springframework/spring-context/5.3.27/spring-context-5.3.27.jar:/home/ralf/.m2/repository/org/springframework/spring-core/5.3.27/spring-core-5.3.27.jar:/home/ralf/.m2/repository/org/springframework/spring-jcl/5.3.27/spring-jcl-5.3.27.jar:/home/ralf/.m2/repository/org/springframework/spring-expression/5.3.27/spring-expression-5.3.27.jar:/home/ralf/.m2/repository/org/wikidata/wdtk/wdtk-datamodel/0.14.6/wdtk-datamodel-0.14.6.jar:/home/ralf/.m2/repository/org/wikidata/wdtk/wdtk-util/0.14.6/wdtk-util-0.14.6.jar:/home/ralf/.m2/repository/org/apache/commons/commons-compress/1.23.0/commons-compress-1.23.0.jar:/home/ralf/.m2/repository/com/fasterxml/jackson/datatype/jackson-datatype-jdk8/2.15.2/jackson-datatype-jdk8-2.15.2.jar:/home/ralf/.m2/repository/org/threeten/threeten-extra/1.7.2/threeten-extra-1.7.2.jar:/home/ralf/.m2/repository/org/apache/commons/commons-lang3/3.12.0/commons-lang3-3.12.0.jar:/home/ralf/.m2/repository/org/junit/jupiter/junit-jupiter/5.10.0/junit-jupiter-5.10.0.jar:/home/ralf/.m2/repository/org/junit/jupiter/junit-jupiter-params/5.10.0/junit-jupiter-params-5.10.0.jar:/home/ralf/.m2/repository/org/junit/jupiter/junit-jupiter-api/5.10.0/junit-jupiter-api-5.10.0.jar:/home/ralf/.m2/repository/org/opentest4j/opentest4j/1.3.0/opentest4j-1.3.0.jar:/home/ralf/.m2/repository/org/junit/platform/junit-platform-commons/1.10.0/junit-platform-commons-1.10.0.jar:/home/ralf/.m2/repository/org/apiguardian/apiguardian-api/1.1.2/apiguardian-api-1.1.2.jar:/home/ralf/.m2/repository/org/junit/jupiter/junit-jupiter-engine/5.10.0/junit-jupiter-engine-5.10.0.jar:/home/ralf/.m2/repository/org/junit/platform/junit-platform-engine/1.10.0/junit-platform-engine-1.10.0.jar:/home/ralf/.m2/repository/org/slf4j/slf4j-simple/2.0.9/slf4j-simple-2.0.9.jar:/home/ralf/.m2/repository/org/slf4j/slf4j-api/2.0.9/slf4j-api-2.0.9.jar:"/>
    <property name="java.vm.vendor" value="Private Build"/>
    <property name="sun.arch.data.model" value="64"/>
    <property name="java.vendor.url" value="Unknown"/>
    <property name="user.timezone" value="Europe/Berlin"/>
    <property name="os.name" value="Linux"/>
    <property name="java.vm.specification.version" value="17"/>
    <property name="sun.java.launcher" value="SUN_STANDARD"/>
    <property name="user.country" value="DE"/>
    <property name="sun.boot.library.path" value="/usr/lib/jvm/java-17-openjdk-amd64/lib"/>
    <property name="sun.java.command" value="/home/ralf/DEV/github.com/datazuul/com.datazuul.commons--parent/datazuul-commons-iiif/target/surefire/surefirebooter-20230925185104334_3.jar /home/ralf/DEV/github.com/datazuul/com.datazuul.commons--parent/datazuul-commons-iiif/target/surefire 2023-09-25T18-51-04_281-jvmRun1 surefire-20230925185104334_1tmp surefire_0-20230925185104334_2tmp"/>
    <property name="jdk.debug" value="release"/>
    <property name="surefire.test.class.path" value="/home/ralf/DEV/github.com/datazuul/com.datazuul.commons--parent/datazuul-commons-iiif/target/test-classes:/home/ralf/DEV/github.com/datazuul/com.datazuul.commons--parent/datazuul-commons-iiif/target/classes:/home/ralf/.m2/repository/com/googlecode/json-simple/json-simple/1.1.1/json-simple-1.1.1.jar:/home/ralf/.m2/repository/junit/junit/4.10/junit-4.10.jar:/home/ralf/.m2/repository/org/hamcrest/hamcrest-core/1.1/hamcrest-core-1.1.jar:/home/ralf/.m2/repository/de/digitalcollections/iiif/iiif-apis/0.3.11-SNAPSHOT/iiif-apis-0.3.11-SNAPSHOT.jar:/home/ralf/.m2/repository/com/fasterxml/jackson/core/jackson-annotations/2.14.2/jackson-annotations-2.14.2.jar:/home/ralf/.m2/repository/com/fasterxml/jackson/core/jackson-databind/2.14.2/jackson-databind-2.14.2.jar:/home/ralf/.m2/repository/com/fasterxml/jackson/core/jackson-core/2.14.2/jackson-core-2.14.2.jar:/home/ralf/.m2/repository/com/fasterxml/jackson/datatype/jackson-datatype-jsr310/2.14.2/jackson-datatype-jsr310-2.14.2.jar:/home/ralf/.m2/repository/com/fasterxml/jackson/module/jackson-module-parameter-names/2.14.2/jackson-module-parameter-names-2.14.2.jar:/home/ralf/.m2/repository/com/google/guava/guava/31.1-jre/guava-31.1-jre.jar:/home/ralf/.m2/repository/com/google/guava/failureaccess/1.0.1/failureaccess-1.0.1.jar:/home/ralf/.m2/repository/com/google/guava/listenablefuture/9999.0-empty-to-avoid-conflict-with-guava/listenablefuture-9999.0-empty-to-avoid-conflict-with-guava.jar:/home/ralf/.m2/repository/com/google/code/findbugs/jsr305/3.0.2/jsr305-3.0.2.jar:/home/ralf/.m2/repository/org/checkerframework/checker-qual/3.12.0/checker-qual-3.12.0.jar:/home/ralf/.m2/repository/com/google/errorprone/error_prone_annotations/2.11.0/error_prone_annotations-2.11.0.jar:/home/ralf/.m2/repository/com/google/j2objc/j2objc-annotations/1.3/j2objc-annotations-1.3.jar:/home/ralf/.m2/repository/de/grundid/opendatalab/geojson-jackson/1.14/geojson-jackson-1.14.jar:/home/ralf/.m2/repository/org/dmfs/rfc3986-uri/0.8.1/rfc3986-uri-0.8.1.jar:/home/ralf/.m2/repository/org/dmfs/jems/1.18/jems-1.18.jar:/home/ralf/.m2/repository/org/reflections/reflections/0.9.12/reflections-0.9.12.jar:/home/ralf/.m2/repository/org/javassist/javassist/3.26.0-GA/javassist-3.26.0-GA.jar:/home/ralf/.m2/repository/de/digitalcollections/model/dc-model/12.2.2-SNAPSHOT/dc-model-12.2.2-SNAPSHOT.jar:/home/ralf/.m2/repository/commons-io/commons-io/2.13.0/commons-io-2.13.0.jar:/home/ralf/.m2/repository/javax/validation/validation-api/2.0.1.Final/validation-api-2.0.1.Final.jar:/home/ralf/.m2/repository/org/projectlombok/lombok/1.18.30/lombok-1.18.30.jar:/home/ralf/.m2/repository/org/springframework/security/spring-security-core/5.8.3/spring-security-core-5.8.3.jar:/home/ralf/.m2/repository/org/springframework/security/spring-security-crypto/5.8.3/spring-security-crypto-5.8.3.jar:/home/ralf/.m2/repository/org/springframework/spring-aop/5.3.27/spring-aop-5.3.27.jar:/home/ralf/.m2/repository/org/springframework/spring-beans/5.3.27/spring-beans-5.3.27.jar:/home/ralf/.m2/repository/org/springframework/spring-context/5.3.27/spring-context-5.3.27.jar:/home/ralf/.m2/repository/org/springframework/spring-core/5.3.27/spring-core-5.3.27.jar:/home/ralf/.m2/repository/org/springframework/spring-jcl/5.3.27/spring-jcl-5.3.27.jar:/home/ralf/.m2/repository/org/springframework/spring-expression/5.3.27/spring-expression-5.3.27.jar:/home/ralf/.m2/repository/org/wikidata/wdtk/wdtk-datamodel/0.14.6/wdtk-datamodel-0.14.6.jar:/home/ralf/.m2/repository/org/wikidata/wdtk/wdtk-util/0.14.6/wdtk-util-0.14.6.jar:/home/ralf/.m2/repository/org/apache/commons/commons-compress/1.23.0/commons-compress-1.23.0.jar:/home/ralf/.m2/repository/com/fasterxml/jackson/datatype/jackson-datatype-jdk8/2.15.2/jackson-datatype-jdk8-2.15.2.jar:/home/ralf/.m2/repository/org/threeten/threeten-extra/1.7.2/threeten-extra-1.7.2.jar:/home/ralf/.m2/repository/org/apache/commons/commons-lang3/3.12.0/commons-lang3-3.12.0.jar:/home/ralf/.m2/repository/org/junit/jupiter/junit-jupiter/5.10.0/junit-jupiter-5.10.0.jar:/home/ralf/.m2/repository/org/junit/jupiter/junit-jupiter-params/5.10.0/junit-jupiter-params-5.10.0.jar:/home/ralf/.m2/repository/org/junit/jupiter/junit-jupiter-api/5.10.0/junit-jupiter-api-5.10.0.jar:/home/ralf/.m2/repository/org/opentest4j/opentest4j/1.3.0/opentest4j-1.3.0.jar:/home/ralf/.m2/repository/org/junit/platform/junit-platform-commons/1.10.0/junit-platform-commons-1.10.0.jar:/home/ralf/.m2/repository/org/apiguardian/apiguardian-api/1.1.2/apiguardian-api-1.1.2.jar:/home/ralf/.m2/repository/org/junit/jupiter/junit-jupiter-engine/5.10.0/junit-jupiter-engine-5.10.0.jar:/home/ralf/.m2/repository/org/junit/platform/junit-platform-engine/1.10.0/junit-platform-engine-1.10.0.jar:/home/ralf/.m2/repository/org/slf4j/slf4j-simple/2.0.9/slf4j-simple-2.0.9.jar:/home/ralf/.m2/repository/org/slf4j/slf4j-api/2.0.9/slf4j-api-2.0.9.jar:"/>
    <property name="sun.cpu.endian" value="little"/>
    <property name="user.home" value="/home/ralf"/>
    <property name="user.language" value="de"/>
    <property name="java.specification.vendor" value="Oracle Corporation"/>
    <property name="java.version.date" value="2023-08-24"/>
    <property name="java.home" value="/usr/lib/jvm/java-17-openjdk-amd64"/>
    <property name="file.separator" value="/"/>
    <property name="basedir" value="/home/ralf/DEV/github.com/datazuul/com.datazuul.commons--parent/datazuul-commons-iiif"/>
    <property name="java.vm.compressedOopsMode" value="Zero based"/>
    <property name="line.separator" value="&#10;"/>
    <property name="java.vm.specification.vendor" value="Oracle Corporation"/>
    <property name="java.specification.name" value="Java Platform API Specification"/>
    <property name="surefire.real.class.path" value="/home/ralf/DEV/github.com/datazuul/com.datazuul.commons--parent/datazuul-commons-iiif/target/surefire/surefirebooter-20230925185104334_3.jar"/>
    <property name="sun.management.compiler" value="HotSpot 64-Bit Tiered Compilers"/>
    <property name="java.runtime.version" value="17.0.8.1+1-Ubuntu-0ubuntu123.04"/>
    <property name="user.name" value="ralf"/>
    <property name="path.separator" value=":"/>
    <property name="os.version" value="5.19.0-46-generic"/>
    <property name="java.runtime.name" value="OpenJDK Runtime Environment"/>
    <property name="file.encoding" value="UTF-8"/>
    <property name="java.vm.name" value="OpenJDK 64-Bit Server VM"/>
    <property name="localRepository" value="/home/ralf/.m2/repository"/>
    <property name="java.vendor.url.bug" value="Unknown"/>
    <property name="java.io.tmpdir" value="/tmp"/>
    <property name="idea.version" value="2023.2.1"/>
    <property name="java.version" value="17.0.8.1"/>
    <property name="user.dir" value="/home/ralf/DEV/github.com/datazuul/com.datazuul.commons--parent/datazuul-commons-iiif"/>
    <property name="os.arch" value="amd64"/>
    <property name="java.vm.specification.name" value="Java Virtual Machine Specification"/>
    <property name="native.encoding" value="UTF-8"/>
    <property name="java.library.path" value="/usr/java/packages/lib:/usr/lib/x86_64-linux-gnu/jni:/lib/x86_64-linux-gnu:/usr/lib/x86_64-linux-gnu:/usr/lib/jni:/lib:/usr/lib"/>
    <property name="java.vm.info" value="mixed mode, sharing"/>
    <property name="java.vendor" value="Private Build"/>
    <property name="java.vm.version" value="17.0.8.1+1-Ubuntu-0ubuntu123.04"/>
    <property name="sun.io.unicode.encoding" value="UnicodeLittle"/>
    <property name="java.class.version" value="61.0"/>
  </properties>
  <testcase name="toDigitalObject" classname="com.datazuul.commons.iiif.presentation.StrictManifestParserTest" time="0.213"/>
  <testcase name="getThumbnail" classname="com.datazuul.commons.iiif.presentation.StrictManifestParserTest" time="0.001"/>
</testsuite>